<?xml version="1.0" encoding="UTF-8"?>
<coverage generated="1681601670224" clover="3.2.0">
  <project timestamp="1681601670224" name="All files">
    <metrics statements="49" coveredstatements="49" conditionals="24" coveredconditionals="18" methods="18" coveredmethods="16" elements="91" coveredelements="83" complexity="0" loc="49" ncloc="49" packages="2" files="2" classes="2"/>
    <package name="src">
      <metrics statements="48" coveredstatements="48" conditionals="24" coveredconditionals="18" methods="18" coveredmethods="16"/>
      <file name="TrainsService.ts" path="/Users/param/Documents/codes/trainly/src/TrainsService.ts">
        <metrics statements="48" coveredstatements="48" conditionals="24" coveredconditionals="18" methods="18" coveredmethods="16"/>
        <line num="1" count="1" type="stmt"/>
        <line num="2" count="1" type="stmt"/>
        <line num="3" count="1" type="stmt"/>
        <line num="4" count="1" type="stmt"/>
        <line num="14" count="1" type="stmt"/>
        <line num="16" count="1" type="stmt"/>
        <line num="18" count="1" type="stmt"/>
        <line num="20" count="1" type="stmt"/>
        <line num="22" count="1" type="cond" truecount="2" falsecount="0"/>
        <line num="23" count="1" type="cond" truecount="2" falsecount="0"/>
        <line num="24" count="1" type="stmt"/>
        <line num="25" count="1" type="stmt"/>
        <line num="26" count="1" type="stmt"/>
        <line num="27" count="1" type="stmt"/>
        <line num="28" count="1" type="stmt"/>
        <line num="29" count="1" type="stmt"/>
        <line num="30" count="1" type="stmt"/>
        <line num="31" count="1" type="stmt"/>
        <line num="32" count="1" type="stmt"/>
        <line num="33" count="1" type="stmt"/>
        <line num="34" count="1" type="stmt"/>
        <line num="63" count="1" type="stmt"/>
        <line num="65" count="1" type="stmt"/>
        <line num="66" count="1" type="cond" truecount="1" falsecount="1"/>
        <line num="67" count="1" type="cond" truecount="1" falsecount="1"/>
        <line num="72" count="1" type="stmt"/>
        <line num="73" count="1" type="stmt"/>
        <line num="89" count="1" type="stmt"/>
        <line num="90" count="1" type="stmt"/>
        <line num="91" count="1" type="stmt"/>
        <line num="100" count="1" type="stmt"/>
        <line num="101" count="1" type="stmt"/>
        <line num="105" count="1" type="stmt"/>
        <line num="109" count="543" type="cond" truecount="2" falsecount="0"/>
        <line num="111" count="1" type="stmt"/>
        <line num="115" count="1" type="stmt"/>
        <line num="116" count="1" type="stmt"/>
        <line num="117" count="7" type="cond" truecount="3" falsecount="1"/>
        <line num="118" count="1" type="cond" truecount="3" falsecount="1"/>
        <line num="120" count="1" type="stmt"/>
        <line num="124" count="8" type="cond" truecount="2" falsecount="2"/>
        <line num="127" count="120" type="stmt"/>
        <line num="128" count="120" type="stmt"/>
        <line num="129" count="540" type="cond" truecount="1" falsecount="0"/>
        <line num="130" count="8" type="stmt"/>
        <line num="132" count="540" type="cond" truecount="1" falsecount="0"/>
        <line num="133" count="119" type="stmt"/>
        <line num="136" count="120" type="stmt"/>
      </file>
    </package>
    <package name="src.tests">
      <metrics statements="1" coveredstatements="1" conditionals="0" coveredconditionals="0" methods="0" coveredmethods="0"/>
      <file name="mockXMLResponse.ts" path="/Users/param/Documents/codes/trainly/src/tests/mockXMLResponse.ts">
        <metrics statements="1" coveredstatements="1" conditionals="0" coveredconditionals="0" methods="0" coveredmethods="0"/>
        <line num="1" count="1" type="stmt"/>
      </file>
    </package>
  </project>
</coverage>
