{"/Users/param/Documents/codes/trainly/src/TrainsService.ts": {"path":"/Users/param/Documents/codes/trainly/src/TrainsService.ts","statementMap":{"0":{"start":{"line":1,"column":0},"end":{"line":1,"column":26}},"1":{"start":{"line":2,"column":0},"end":{"line":2,"column":82}},"2":{"start":{"line":3,"column":0},"end":{"line":3,"column":33}},"3":{"start":{"line":4,"column":0},"end":{"line":4,"column":52}},"4":{"start":{"line":14,"column":20},"end":{"line":14,"column":93}},"5":{"start":{"line":14,"column":45},"end":{"line":14,"column":93}},"6":{"start":{"line":16,"column":17},"end":{"line":16,"column":54}},"7":{"start":{"line":18,"column":13},"end":{"line":18,"column":88}},"8":{"start":{"line":20,"column":21},"end":{"line":20,"column":45}},"9":{"start":{"line":22,"column":0},"end":{"line":22,"column":null}},"10":{"start":{"line":23,"column":2},"end":{"line":23,"column":null}},"11":{"start":{"line":24,"column":4},"end":{"line":24,"column":null}},"12":{"start":{"line":25,"column":4},"end":{"line":25,"column":null}},"13":{"start":{"line":26,"column":4},"end":{"line":26,"column":null}},"14":{"start":{"line":27,"column":4},"end":{"line":27,"column":null}},"15":{"start":{"line":28,"column":4},"end":{"line":28,"column":null}},"16":{"start":{"line":29,"column":4},"end":{"line":29,"column":null}},"17":{"start":{"line":30,"column":4},"end":{"line":30,"column":null}},"18":{"start":{"line":31,"column":4},"end":{"line":31,"column":null}},"19":{"start":{"line":32,"column":4},"end":{"line":32,"column":null}},"20":{"start":{"line":33,"column":4},"end":{"line":33,"column":null}},"21":{"start":{"line":34,"column":4},"end":{"line":34,"column":null}},"22":{"start":{"line":115,"column":2},"end":{"line":121,"column":4}},"23":{"start":{"line":116,"column":4},"end":{"line":119,"column":7}},"24":{"start":{"line":117,"column":38},"end":{"line":117,"column":70}},"25":{"start":{"line":118,"column":40},"end":{"line":118,"column":77}},"26":{"start":{"line":120,"column":4},"end":{"line":120,"column":15}},"27":{"start":{"line":65,"column":4},"end":{"line":68,"column":11}},"28":{"start":{"line":66,"column":18},"end":{"line":66,"column":118}},"29":{"start":{"line":66,"column":82},"end":{"line":66,"column":105}},"30":{"start":{"line":67,"column":6},"end":{"line":67,"column":81}},"31":{"start":{"line":72,"column":17},"end":{"line":72,"column":53}},"32":{"start":{"line":73,"column":4},"end":{"line":85,"column":15}},"33":{"start":{"line":89,"column":23},"end":{"line":89,"column":68}},"34":{"start":{"line":90,"column":4},"end":{"line":90,"column":28}},"35":{"start":{"line":91,"column":19},"end":{"line":98,"column":6}},"36":{"start":{"line":100,"column":17},"end":{"line":100,"column":69}},"37":{"start":{"line":101,"column":4},"end":{"line":101,"column":16}},"38":{"start":{"line":105,"column":4},"end":{"line":112,"column":37}},"39":{"start":{"line":109,"column":37},"end":{"line":109,"column":83}},"40":{"start":{"line":111,"column":22},"end":{"line":111,"column":81}},"41":{"start":{"line":63,"column":0},"end":{"line":63,"column":13}},"42":{"start":{"line":124,"column":22},"end":{"line":124,"column":79}},"43":{"start":{"line":124,"column":37},"end":{"line":124,"column":78}},"44":{"start":{"line":127,"column":21},"end":{"line":127,"column":40}},"45":{"start":{"line":128,"column":2},"end":{"line":135,"column":5}},"46":{"start":{"line":129,"column":4},"end":{"line":131,"column":null}},"47":{"start":{"line":130,"column":6},"end":{"line":130,"column":34}},"48":{"start":{"line":132,"column":4},"end":{"line":134,"column":null}},"49":{"start":{"line":133,"column":6},"end":{"line":133,"column":37}},"50":{"start":{"line":136,"column":2},"end":{"line":136,"column":13}}},"fnMap":{"0":{"name":"(anonymous_8)","decl":{"start":{"line":14,"column":20},"end":{"line":14,"column":21}},"loc":{"start":{"line":14,"column":45},"end":{"line":14,"column":93}}},"1":{"name":"(anonymous_9)","decl":{"start":{"line":22,"column":0},"end":{"line":22,"column":17}},"loc":{"start":{"line":22,"column":23},"end":{"line":61,"column":1}}},"2":{"name":"(anonymous_10)","decl":{"start":{"line":23,"column":2},"end":{"line":23,"column":14}},"loc":{"start":{"line":23,"column":23},"end":{"line":35,"column":3}}},"3":{"name":"(anonymous_11)","decl":{"start":{"line":63,"column":0},"end":{"line":63,"column":13}},"loc":{"start":{"line":63,"column":0},"end":{"line":122,"column":1}}},"4":{"name":"(anonymous_12)","decl":{"start":{"line":115,"column":23},"end":{"line":115,"column":24}},"loc":{"start":{"line":115,"column":36},"end":{"line":121,"column":3}}},"5":{"name":"(anonymous_13)","decl":{"start":{"line":117,"column":24},"end":{"line":117,"column":25}},"loc":{"start":{"line":117,"column":38},"end":{"line":117,"column":70}}},"6":{"name":"(anonymous_14)","decl":{"start":{"line":118,"column":21},"end":{"line":118,"column":22}},"loc":{"start":{"line":118,"column":40},"end":{"line":118,"column":77}}},"7":{"name":"(anonymous_15)","decl":{"start":{"line":64,"column":2},"end":{"line":64,"column":24}},"loc":{"start":{"line":64,"column":50},"end":{"line":69,"column":3}}},"8":{"name":"(anonymous_16)","decl":{"start":{"line":65,"column":38},"end":{"line":65,"column":39}},"loc":{"start":{"line":65,"column":60},"end":{"line":68,"column":5}}},"9":{"name":"(anonymous_17)","decl":{"start":{"line":66,"column":54},"end":{"line":66,"column":55}},"loc":{"start":{"line":66,"column":82},"end":{"line":66,"column":105}}},"10":{"name":"(anonymous_18)","decl":{"start":{"line":71,"column":2},"end":{"line":71,"column":18}},"loc":{"start":{"line":71,"column":75},"end":{"line":86,"column":3}}},"11":{"name":"(anonymous_19)","decl":{"start":{"line":88,"column":8},"end":{"line":88,"column":17}},"loc":{"start":{"line":88,"column":74},"end":{"line":102,"column":null}}},"12":{"name":"(anonymous_21)","decl":{"start":{"line":104,"column":8},"end":{"line":104,"column":21}},"loc":{"start":{"line":104,"column":69},"end":{"line":113,"column":null}}},"13":{"name":"(anonymous_23)","decl":{"start":{"line":109,"column":26},"end":{"line":109,"column":27}},"loc":{"start":{"line":109,"column":37},"end":{"line":109,"column":83}}},"14":{"name":"(anonymous_24)","decl":{"start":{"line":111,"column":12},"end":{"line":111,"column":13}},"loc":{"start":{"line":111,"column":22},"end":{"line":111,"column":81}}},"15":{"name":"(anonymous_25)","decl":{"start":{"line":124,"column":22},"end":{"line":124,"column":23}},"loc":{"start":{"line":124,"column":37},"end":{"line":124,"column":78}}},"16":{"name":"objProcessor","decl":{"start":{"line":126,"column":9},"end":{"line":126,"column":21}},"loc":{"start":{"line":126,"column":80},"end":{"line":137,"column":1}}},"17":{"name":"(anonymous_27)","decl":{"start":{"line":128,"column":30},"end":{"line":128,"column":31}},"loc":{"start":{"line":128,"column":45},"end":{"line":135,"column":3}}}},"branchMap":{"0":{"loc":{"start":{"line":23,"column":14},"end":{"line":23,"column":null}},"type":"binary-expr","locations":[{"start":{"line":23,"column":14},"end":{"line":23,"column":23}},{"start":{"line":23,"column":14},"end":{"line":23,"column":null}}]},"1":{"loc":{"start":{"line":22,"column":17},"end":{"line":22,"column":null}},"type":"binary-expr","locations":[{"start":{"line":22,"column":17},"end":{"line":22,"column":23}},{"start":{"line":22,"column":17},"end":{"line":22,"column":null}}]},"2":{"loc":{"start":{"line":117,"column":52},"end":{"line":117,"column":69}},"type":"cond-expr","locations":[{"start":{"line":117,"column":55},"end":{"line":117,"column":57}},{"start":{"line":117,"column":52},"end":{"line":117,"column":69}}]},"3":{"loc":{"start":{"line":117,"column":52},"end":{"line":117,"column":57}},"type":"binary-expr","locations":[{"start":{"line":117,"column":52},"end":{"line":117,"column":57}},{"start":{"line":117,"column":52},"end":{"line":117,"column":57}}]},"4":{"loc":{"start":{"line":118,"column":54},"end":{"line":118,"column":76}},"type":"cond-expr","locations":[{"start":{"line":118,"column":67},"end":{"line":118,"column":69}},{"start":{"line":118,"column":54},"end":{"line":118,"column":76}}]},"5":{"loc":{"start":{"line":118,"column":54},"end":{"line":118,"column":69}},"type":"binary-expr","locations":[{"start":{"line":118,"column":54},"end":{"line":118,"column":69}},{"start":{"line":118,"column":54},"end":{"line":118,"column":69}}]},"6":{"loc":{"start":{"line":66,"column":18},"end":{"line":66,"column":118}},"type":"cond-expr","locations":[{"start":{"line":66,"column":41},"end":{"line":66,"column":110}},{"start":{"line":66,"column":113},"end":{"line":66,"column":118}}]},"7":{"loc":{"start":{"line":67,"column":20},"end":{"line":67,"column":79}},"type":"cond-expr","locations":[{"start":{"line":67,"column":49},"end":{"line":67,"column":74}},{"start":{"line":67,"column":77},"end":{"line":67,"column":79}}]},"8":{"loc":{"start":{"line":109,"column":37},"end":{"line":109,"column":83}},"type":"cond-expr","locations":[{"start":{"line":109,"column":58},"end":{"line":109,"column":76}},{"start":{"line":109,"column":79},"end":{"line":109,"column":83}}]},"9":{"loc":{"start":{"line":124,"column":37},"end":{"line":124,"column":78}},"type":"cond-expr","locations":[{"start":{"line":124,"column":44},"end":{"line":124,"column":70}},{"start":{"line":124,"column":74},"end":{"line":124,"column":78}}]},"10":{"loc":{"start":{"line":124,"column":44},"end":{"line":124,"column":70}},"type":"cond-expr","locations":[{"start":{"line":124,"column":59},"end":{"line":124,"column":62}},{"start":{"line":124,"column":65},"end":{"line":124,"column":70}}]},"11":{"loc":{"start":{"line":129,"column":4},"end":{"line":131,"column":null}},"type":"if","locations":[{"start":{"line":129,"column":4},"end":{"line":131,"column":null}}]},"12":{"loc":{"start":{"line":132,"column":4},"end":{"line":134,"column":null}},"type":"if","locations":[{"start":{"line":132,"column":4},"end":{"line":134,"column":null}}]}},"s":{"0":1,"1":1,"2":1,"3":1,"4":1,"5":0,"6":1,"7":1,"8":1,"9":1,"10":1,"11":1,"12":1,"13":1,"14":1,"15":1,"16":1,"17":1,"18":1,"19":1,"20":1,"21":1,"22":1,"23":1,"24":7,"25":1,"26":1,"27":1,"28":1,"29":0,"30":1,"31":1,"32":1,"33":1,"34":1,"35":1,"36":1,"37":1,"38":1,"39":543,"40":1,"41":1,"42":1,"43":8,"44":120,"45":120,"46":540,"47":8,"48":540,"49":119,"50":120},"f":{"0":0,"1":1,"2":1,"3":1,"4":1,"5":7,"6":1,"7":1,"8":1,"9":0,"10":1,"11":1,"12":1,"13":543,"14":1,"15":8,"16":120,"17":540},"b":{"0":[1,1],"1":[1,1],"2":[0,7],"3":[7,7],"4":[0,1],"5":[1,1],"6":[0,1],"7":[1,0],"8":[541,2],"9":[8,0],"10":[8,0],"11":[8],"12":[119]}}
,"/Users/param/Documents/codes/trainly/src/tests/mockXMLResponse.ts": {"path":"/Users/param/Documents/codes/trainly/src/tests/mockXMLResponse.ts","statementMap":{"0":{"start":{"line":1,"column":13},"end":{"line":666,"column":18}}},"fnMap":{},"branchMap":{},"s":{"0":1},"f":{},"b":{}}
}
