TN:
SF:src/TrainsService.ts
FN:14,(anonymous_8)
FN:22,(anonymous_9)
FN:23,(anonymous_10)
FN:63,(anonymous_11)
FN:115,(anonymous_12)
FN:117,(anonymous_13)
FN:118,(anonymous_14)
FN:64,(anonymous_15)
FN:65,(anonymous_16)
FN:66,(anonymous_17)
FN:71,(anonymous_18)
FN:88,(anonymous_19)
FN:104,(anonymous_21)
FN:109,(anonymous_23)
FN:111,(anonymous_24)
FN:124,(anonymous_25)
FN:126,objProcessor
FN:128,(anonymous_27)
FNF:18
FNH:16
FNDA:0,(anonymous_8)
FNDA:1,(anonymous_9)
FNDA:1,(anonymous_10)
FNDA:1,(anonymous_11)
FNDA:1,(anonymous_12)
FNDA:7,(anonymous_13)
FNDA:1,(anonymous_14)
FNDA:1,(anonymous_15)
FNDA:1,(anonymous_16)
FNDA:0,(anonymous_17)
FNDA:1,(anonymous_18)
FNDA:1,(anonymous_19)
FNDA:1,(anonymous_21)
FNDA:543,(anonymous_23)
FNDA:1,(anonymous_24)
FNDA:8,(anonymous_25)
FNDA:120,objProcessor
FNDA:540,(anonymous_27)
DA:1,1
DA:2,1
DA:3,1
DA:4,1
DA:14,1
DA:16,1
DA:18,1
DA:20,1
DA:22,1
DA:23,1
DA:24,1
DA:25,1
DA:26,1
DA:27,1
DA:28,1
DA:29,1
DA:30,1
DA:31,1
DA:32,1
DA:33,1
DA:34,1
DA:63,1
DA:65,1
DA:66,1
DA:67,1
DA:72,1
DA:73,1
DA:89,1
DA:90,1
DA:91,1
DA:100,1
DA:101,1
DA:105,1
DA:109,543
DA:111,1
DA:115,1
DA:116,1
DA:117,7
DA:118,1
DA:120,1
DA:124,8
DA:127,120
DA:128,120
DA:129,540
DA:130,8
DA:132,540
DA:133,119
DA:136,120
LF:48
LH:48
BRDA:23,0,0,1
BRDA:23,0,1,1
BRDA:22,1,0,1
BRDA:22,1,1,1
BRDA:117,2,0,0
BRDA:117,2,1,7
BRDA:117,3,0,7
BRDA:117,3,1,7
BRDA:118,4,0,0
BRDA:118,4,1,1
BRDA:118,5,0,1
BRDA:118,5,1,1
BRDA:66,6,0,0
BRDA:66,6,1,1
BRDA:67,7,0,1
BRDA:67,7,1,0
BRDA:109,8,0,541
BRDA:109,8,1,2
BRDA:124,9,0,8
BRDA:124,9,1,0
BRDA:124,10,0,8
BRDA:124,10,1,0
BRDA:129,11,0,8
BRDA:132,12,0,119
BRF:24
BRH:18
end_of_record
TN:
SF:src/tests/mockXMLResponse.ts
FNF:0
FNH:0
DA:1,1
LF:1
LH:1
BRF:0
BRH:0
end_of_record
